{"/Users/beematik/Repos/Sandbox/nodepoleon/test.js":{"path":"/Users/beematik/Repos/Sandbox/nodepoleon/test.js","s":{"1":1,"2":1,"3":1,"4":1,"5":1,"6":1,"7":1,"8":1,"9":1,"10":1,"11":1,"12":1,"13":1,"14":1,"15":1,"16":1,"17":1,"18":1,"19":1,"20":1,"21":1,"22":1,"23":1,"24":1,"25":1,"26":1,"27":1,"28":1,"29":1,"30":1,"31":1,"32":1,"33":1,"34":1},"b":{},"f":{"1":1,"2":1,"3":1,"4":1,"5":1,"6":1,"7":1,"8":1,"9":1,"10":1,"11":1,"12":1},"fnMap":{"1":{"name":"(anonymous_1)","line":10,"loc":{"start":{"line":10,"column":29},"end":{"line":10,"column":41}}},"2":{"name":"(anonymous_2)","line":11,"loc":{"start":{"line":11,"column":35},"end":{"line":11,"column":47}}},"3":{"name":"(anonymous_3)","line":17,"loc":{"start":{"line":17,"column":44},"end":{"line":17,"column":56}}},"4":{"name":"(anonymous_4)","line":23,"loc":{"start":{"line":23,"column":27},"end":{"line":23,"column":39}}},"5":{"name":"(anonymous_5)","line":24,"loc":{"start":{"line":24,"column":33},"end":{"line":24,"column":45}}},"6":{"name":"(anonymous_6)","line":29,"loc":{"start":{"line":29,"column":47},"end":{"line":29,"column":59}}},"7":{"name":"(anonymous_7)","line":35,"loc":{"start":{"line":35,"column":28},"end":{"line":35,"column":44}}},"8":{"name":"(anonymous_8)","line":36,"loc":{"start":{"line":36,"column":37},"end":{"line":36,"column":49}}},"9":{"name":"(anonymous_9)","line":41,"loc":{"start":{"line":41,"column":37},"end":{"line":41,"column":49}}},"10":{"name":"(anonymous_10)","line":47,"loc":{"start":{"line":47,"column":28},"end":{"line":47,"column":44}}},"11":{"name":"(anonymous_11)","line":48,"loc":{"start":{"line":48,"column":43},"end":{"line":48,"column":55}}},"12":{"name":"(anonymous_12)","line":50,"loc":{"start":{"line":50,"column":39},"end":{"line":50,"column":55}}}},"statementMap":{"1":{"start":{"line":1,"column":0},"end":{"line":1,"column":46}},"2":{"start":{"line":2,"column":0},"end":{"line":2,"column":33}},"3":{"start":{"line":4,"column":0},"end":{"line":4,"column":35}},"4":{"start":{"line":5,"column":0},"end":{"line":5,"column":35}},"5":{"start":{"line":6,"column":0},"end":{"line":6,"column":26}},"6":{"start":{"line":8,"column":0},"end":{"line":8,"column":37}},"7":{"start":{"line":10,"column":0},"end":{"line":21,"column":2}},"8":{"start":{"line":11,"column":2},"end":{"line":15,"column":4}},"9":{"start":{"line":12,"column":4},"end":{"line":12,"column":33}},"10":{"start":{"line":13,"column":4},"end":{"line":13,"column":31}},"11":{"start":{"line":14,"column":4},"end":{"line":14,"column":36}},"12":{"start":{"line":17,"column":2},"end":{"line":20,"column":4}},"13":{"start":{"line":18,"column":4},"end":{"line":18,"column":43}},"14":{"start":{"line":19,"column":4},"end":{"line":19,"column":41}},"15":{"start":{"line":23,"column":0},"end":{"line":33,"column":2}},"16":{"start":{"line":24,"column":2},"end":{"line":27,"column":4}},"17":{"start":{"line":25,"column":4},"end":{"line":25,"column":47}},"18":{"start":{"line":26,"column":4},"end":{"line":26,"column":27}},"19":{"start":{"line":29,"column":2},"end":{"line":32,"column":4}},"20":{"start":{"line":30,"column":4},"end":{"line":30,"column":41}},"21":{"start":{"line":31,"column":4},"end":{"line":31,"column":39}},"22":{"start":{"line":35,"column":0},"end":{"line":45,"column":2}},"23":{"start":{"line":36,"column":2},"end":{"line":39,"column":4}},"24":{"start":{"line":37,"column":4},"end":{"line":37,"column":53}},"25":{"start":{"line":38,"column":4},"end":{"line":38,"column":64}},"26":{"start":{"line":41,"column":2},"end":{"line":44,"column":4}},"27":{"start":{"line":42,"column":4},"end":{"line":42,"column":40}},"28":{"start":{"line":43,"column":4},"end":{"line":43,"column":68}},"29":{"start":{"line":47,"column":0},"end":{"line":55,"column":2}},"30":{"start":{"line":48,"column":2},"end":{"line":54,"column":4}},"31":{"start":{"line":49,"column":4},"end":{"line":49,"column":36}},"32":{"start":{"line":50,"column":4},"end":{"line":52,"column":6}},"33":{"start":{"line":51,"column":6},"end":{"line":51,"column":33}},"34":{"start":{"line":53,"column":4},"end":{"line":53,"column":48}}},"branchMap":{}},"/Users/beematik/Repos/Sandbox/nodepoleon/lib/nodepoleon.js":{"path":"/Users/beematik/Repos/Sandbox/nodepoleon/lib/nodepoleon.js","s":{"1":1,"2":1,"3":1,"4":1,"5":1,"6":1,"7":7,"8":1,"9":6,"10":6,"11":4,"12":1,"13":3,"14":3,"15":3,"16":3,"17":1,"18":2,"19":2,"20":0,"21":2,"22":1,"23":1,"24":1,"25":0,"26":1,"27":0,"28":1,"29":1},"b":{"1":[1,1],"2":[1,1],"3":[1,1],"4":[1,6],"5":[6,1],"6":[1,3],"7":[3,3,1],"8":[1,2],"9":[0,2],"10":[0,1],"11":[0,1]},"f":{"1":0,"2":7,"3":4,"4":3,"5":1},"fnMap":{"1":{"name":"(anonymous_1)","line":11,"loc":{"start":{"line":11,"column":14},"end":{"line":11,"column":17}}},"2":{"name":"(anonymous_2)","line":13,"loc":{"start":{"line":13,"column":6},"end":{"line":13,"column":11}}},"3":{"name":"(anonymous_3)","line":19,"loc":{"start":{"line":19,"column":4},"end":{"line":19,"column":11}}},"4":{"name":"(anonymous_4)","line":25,"loc":{"start":{"line":25,"column":5},"end":{"line":25,"column":11}}},"5":{"name":"(anonymous_5)","line":35,"loc":{"start":{"line":35,"column":5},"end":{"line":35,"column":12}}}},"statementMap":{"1":{"start":{"line":2,"column":0},"end":{"line":2,"column":42}},"2":{"start":{"line":3,"column":0},"end":{"line":3,"column":44}},"3":{"start":{"line":4,"column":0},"end":{"line":4,"column":65}},"4":{"start":{"line":6,"column":0},"end":{"line":6,"column":35}},"5":{"start":{"line":7,"column":0},"end":{"line":7,"column":55}},"6":{"start":{"line":8,"column":0},"end":{"line":8,"column":36}},"7":{"start":{"line":14,"column":4},"end":{"line":14,"column":42}},"8":{"start":{"line":14,"column":30},"end":{"line":14,"column":42}},"9":{"start":{"line":15,"column":4},"end":{"line":15,"column":25}},"10":{"start":{"line":16,"column":4},"end":{"line":16,"column":36}},"11":{"start":{"line":20,"column":4},"end":{"line":20,"column":42}},"12":{"start":{"line":20,"column":30},"end":{"line":20,"column":42}},"13":{"start":{"line":21,"column":4},"end":{"line":21,"column":31}},"14":{"start":{"line":22,"column":4},"end":{"line":22,"column":33}},"15":{"start":{"line":26,"column":4},"end":{"line":32,"column":6}},"16":{"start":{"line":27,"column":6},"end":{"line":27,"column":63}},"17":{"start":{"line":27,"column":33},"end":{"line":27,"column":63}},"18":{"start":{"line":28,"column":6},"end":{"line":31,"column":8}},"19":{"start":{"line":29,"column":8},"end":{"line":29,"column":26}},"20":{"start":{"line":29,"column":17},"end":{"line":29,"column":26}},"21":{"start":{"line":30,"column":8},"end":{"line":30,"column":35}},"22":{"start":{"line":36,"column":4},"end":{"line":42,"column":6}},"23":{"start":{"line":37,"column":6},"end":{"line":41,"column":8}},"24":{"start":{"line":38,"column":8},"end":{"line":38,"column":26}},"25":{"start":{"line":38,"column":17},"end":{"line":38,"column":26}},"26":{"start":{"line":39,"column":8},"end":{"line":39,"column":46}},"27":{"start":{"line":39,"column":18},"end":{"line":39,"column":46}},"28":{"start":{"line":40,"column":8},"end":{"line":40,"column":24}},"29":{"start":{"line":46,"column":0},"end":{"line":46,"column":27}}},"branchMap":{"1":{"line":2,"type":"binary-expr","locations":[{"start":{"line":2,"column":13},"end":{"line":2,"column":29}},{"start":{"line":2,"column":33},"end":{"line":2,"column":42}}]},"2":{"line":3,"type":"binary-expr","locations":[{"start":{"line":3,"column":12},"end":{"line":3,"column":39}},{"start":{"line":3,"column":43},"end":{"line":3,"column":44}}]},"3":{"line":4,"type":"binary-expr","locations":[{"start":{"line":4,"column":17},"end":{"line":4,"column":37}},{"start":{"line":4,"column":41},"end":{"line":4,"column":65}}]},"4":{"line":14,"type":"if","locations":[{"start":{"line":14,"column":4},"end":{"line":14,"column":4}},{"start":{"line":14,"column":4},"end":{"line":14,"column":4}}]},"5":{"line":16,"type":"binary-expr","locations":[{"start":{"line":16,"column":11},"end":{"line":16,"column":27}},{"start":{"line":16,"column":31},"end":{"line":16,"column":36}}]},"6":{"line":20,"type":"if","locations":[{"start":{"line":20,"column":4},"end":{"line":20,"column":4}},{"start":{"line":20,"column":4},"end":{"line":20,"column":4}}]},"7":{"line":22,"type":"binary-expr","locations":[{"start":{"line":22,"column":12},"end":{"line":22,"column":14}},{"start":{"line":22,"column":18},"end":{"line":22,"column":23}},{"start":{"line":22,"column":28},"end":{"line":22,"column":33}}]},"8":{"line":27,"type":"if","locations":[{"start":{"line":27,"column":6},"end":{"line":27,"column":6}},{"start":{"line":27,"column":6},"end":{"line":27,"column":6}}]},"9":{"line":29,"type":"if","locations":[{"start":{"line":29,"column":8},"end":{"line":29,"column":8}},{"start":{"line":29,"column":8},"end":{"line":29,"column":8}}]},"10":{"line":38,"type":"if","locations":[{"start":{"line":38,"column":8},"end":{"line":38,"column":8}},{"start":{"line":38,"column":8},"end":{"line":38,"column":8}}]},"11":{"line":39,"type":"if","locations":[{"start":{"line":39,"column":8},"end":{"line":39,"column":8}},{"start":{"line":39,"column":8},"end":{"line":39,"column":8}}]}}}}