TN:
SF:/Users/beematik/Repos/Sandbox/nodepoleon/test.js
FN:10,(anonymous_1)
FN:11,(anonymous_2)
FN:17,(anonymous_3)
FN:23,(anonymous_4)
FN:24,(anonymous_5)
FN:29,(anonymous_6)
FN:35,(anonymous_7)
FN:36,(anonymous_8)
FN:41,(anonymous_9)
FN:47,(anonymous_10)
FN:48,(anonymous_11)
FN:50,(anonymous_12)
FNF:12
FNH:12
FNDA:1,(anonymous_1)
FNDA:1,(anonymous_2)
FNDA:1,(anonymous_3)
FNDA:1,(anonymous_4)
FNDA:1,(anonymous_5)
FNDA:1,(anonymous_6)
FNDA:1,(anonymous_7)
FNDA:1,(anonymous_8)
FNDA:1,(anonymous_9)
FNDA:1,(anonymous_10)
FNDA:1,(anonymous_11)
FNDA:1,(anonymous_12)
DA:1,1
DA:2,1
DA:4,1
DA:5,1
DA:6,1
DA:8,1
DA:10,1
DA:11,1
DA:12,1
DA:13,1
DA:14,1
DA:17,1
DA:18,1
DA:19,1
DA:23,1
DA:24,1
DA:25,1
DA:26,1
DA:29,1
DA:30,1
DA:31,1
DA:35,1
DA:36,1
DA:37,1
DA:38,1
DA:41,1
DA:42,1
DA:43,1
DA:47,1
DA:48,1
DA:49,1
DA:50,1
DA:51,1
DA:53,1
LF:34
LH:34
BRF:0
BRH:0
end_of_record
TN:
SF:/Users/beematik/Repos/Sandbox/nodepoleon/lib/nodepoleon.js
FN:11,(anonymous_1)
FN:13,(anonymous_2)
FN:19,(anonymous_3)
FN:25,(anonymous_4)
FN:35,(anonymous_5)
FNF:5
FNH:4
FNDA:0,(anonymous_1)
FNDA:7,(anonymous_2)
FNDA:4,(anonymous_3)
FNDA:3,(anonymous_4)
FNDA:1,(anonymous_5)
DA:2,1
DA:3,1
DA:4,1
DA:6,1
DA:7,1
DA:8,1
DA:14,7
DA:15,6
DA:16,6
DA:20,4
DA:21,3
DA:22,3
DA:26,3
DA:27,3
DA:28,2
DA:29,2
DA:30,2
DA:36,1
DA:37,1
DA:38,1
DA:39,1
DA:40,1
DA:46,1
LF:23
LH:23
BRDA:2,1,0,1
BRDA:2,1,1,1
BRDA:3,2,0,1
BRDA:3,2,1,1
BRDA:4,3,0,1
BRDA:4,3,1,1
BRDA:14,4,0,1
BRDA:14,4,1,6
BRDA:16,5,0,6
BRDA:16,5,1,1
BRDA:20,6,0,1
BRDA:20,6,1,3
BRDA:22,7,0,3
BRDA:22,7,1,3
BRDA:22,7,2,1
BRDA:27,8,0,1
BRDA:27,8,1,2
BRDA:29,9,0,0
BRDA:29,9,1,2
BRDA:38,10,0,0
BRDA:38,10,1,1
BRDA:39,11,0,0
BRDA:39,11,1,1
BRF:23
BRH:20
end_of_record
